<?xml version="1.0" encoding="UTF-8"?>
<!-- Generated by org.testng.reporters.JUnitReportReporter -->
<testsuite hostname="DESKTOP-QU51HI3" name="com.skillrary.test.CourseTest" tests="1" failures="0" timestamp="14 May 2021 13:16:14 GMT" time="37.750" errors="0">
  <testcase name="course" time="37.750" classname="com.skillrary.test.CourseTest"/>
</testsuite> <!-- com.skillrary.test.CourseTest -->
