<?xml version="1.0" encoding="UTF-8"?>
<!-- Generated by org.testng.reporters.JUnitReportReporter -->
<testsuite hostname="LAPTOP-DK6TK74Q" failures="0" tests="1" name="com.skillrary.test.MessagePageTest" time="54.789" errors="0" timestamp="2021-05-14T09:48:49 IST" skipped="0">
  <testcase classname="com.skillrary.test.MessagePageTest" name="verifyMessage" time="54.789"/>
  <system-out/>
</testsuite> <!-- com.skillrary.test.MessagePageTest -->
