<?xml version="1.0" encoding="UTF-8"?>
<!-- Generated by org.testng.reporters.JUnitReportReporter -->
<testsuite hostname="LAPTOP-DK6TK74Q" failures="0" tests="1" name="com.skillrary.test.TakeCourseTest" time="67.161" errors="0" timestamp="2021-05-13T16:30:00 IST" skipped="0">
  <testcase classname="com.skillrary.test.TakeCourseTest" name="takeSpecificCourse" time="67.161"/>
  <system-out/>
</testsuite> <!-- com.skillrary.test.TakeCourseTest -->
