<?xml version="1.0" encoding="UTF-8"?>
<!-- Generated by org.testng.reporters.JUnitReportReporter -->
<testsuite hostname="DESKTOP-QU51HI3" name="com.skillrary.test.AddToWishListTest" tests="1" failures="0" timestamp="14 May 2021 13:17:49 GMT" time="69.888" errors="0">
  <testcase name="addToWishListTest" time="69.888" classname="com.skillrary.test.AddToWishListTest"/>
</testsuite> <!-- com.skillrary.test.AddToWishListTest -->
