<?xml version="1.0" encoding="UTF-8"?>
<!-- Generated by org.testng.reporters.JUnitReportReporter -->
<testsuite hostname="LAPTOP-DK6TK74Q" failures="0" tests="1" name="com.skillrary.test.SearchCourse_Test" time="57.426" errors="0" timestamp="2021-05-13T15:26:56 IST" skipped="0">
  <testcase classname="com.skillrary.test.SearchCourse_Test" name="searchCourse" time="57.426"/>
  <system-out/>
</testsuite> <!-- com.skillrary.test.SearchCourse_Test -->
