<?xml version="1.0" encoding="UTF-8"?>
<!-- Generated by org.testng.reporters.JUnitReportReporter -->
<testsuite hostname="LAPTOP-DK6TK74Q" failures="0" tests="1" name="com.skillrary.test.HomePageTest" time="59.899" errors="0" timestamp="2021-05-13T15:22:13 IST" skipped="0">
  <testcase classname="com.skillrary.test.HomePageTest" name="takeCourseFromHomePage" time="59.899"/>
  <system-out/>
</testsuite> <!-- com.skillrary.test.HomePageTest -->
