<?xml version="1.0" encoding="UTF-8"?>
<!-- Generated by org.testng.reporters.JUnitReportReporter -->
<testsuite hostname="Adarsh" failures="0" tests="1" name="com.skillrary.test.SampleTest" time="59.692" errors="0" timestamp="2021-05-13T12:40:57 IST" skipped="0">
  <testcase classname="com.skillrary.test.SampleTest" name="demo" time="59.692"/>
  <system-out/>
</testsuite> <!-- com.skillrary.test.SampleTest -->
