<?xml version="1.0" encoding="UTF-8"?>
<!-- Generated by org.testng.reporters.JUnitReportReporter -->
<testsuite hostname="Adarsh" failures="0" tests="1" name="com.skillrary.test.TakeRecordedCourseTest" time="74.526" errors="0" timestamp="2021-05-13T15:11:07 IST" skipped="0">
  <testcase classname="com.skillrary.test.TakeRecordedCourseTest" name="takeCourse" time="74.526"/>
  <system-out/>
</testsuite> <!-- com.skillrary.test.TakeRecordedCourseTest -->
