<?xml version="1.0" encoding="UTF-8"?>
<!-- Generated by org.testng.reporters.JUnitReportReporter -->
<testsuite hostname="Adarsh" failures="0" tests="1" name="com.skillrary.test.SearchCourseTest" time="64.940" errors="0" timestamp="2021-05-13T14:38:57 IST" skipped="0">
  <testcase classname="com.skillrary.test.SearchCourseTest" name="searchCourse" time="64.940"/>
  <system-out/>
</testsuite> <!-- com.skillrary.test.SearchCourseTest -->
